Using pre-set license
Built from '2021.3/staging' branch; Version is '2021.3.5f1 (40eb3a945986) revision 4254522'; Using compiler version '192829333'; Build Type 'Release'
OS: 'Windows 10  (10.0.19045) 64bit Professional' Language: 'ko' Physical Memory: 16108 MB
BatchMode: 1, IsHumanControllingUs: 0, StartBugReporterOnCrash: 0, Is64bit: 1, IsPro: 1

COMMAND LINE ARGUMENTS:
E:\dbslxl\2021.3.5f1\Editor\Unity.exe
-adb2
-batchMode
-noUpm
-name
AssetImportWorker0
-projectPath
E:/github/ZombieHunter
-logFile
Logs/AssetImportWorker0.log
-srvPort
7759
Successfully changed project path to: E:/github/ZombieHunter
E:/github/ZombieHunter
[UnityMemory] Configuration Parameters - Can be set up in boot.config
    "memorysetup-bucket-allocator-granularity=16"
    "memorysetup-bucket-allocator-bucket-count=8"
    "memorysetup-bucket-allocator-block-size=33554432"
    "memorysetup-bucket-allocator-block-count=8"
    "memorysetup-main-allocator-block-size=16777216"
    "memorysetup-thread-allocator-block-size=16777216"
    "memorysetup-gfx-main-allocator-block-size=16777216"
    "memorysetup-gfx-thread-allocator-block-size=16777216"
    "memorysetup-cache-allocator-block-size=4194304"
    "memorysetup-typetree-allocator-block-size=2097152"
    "memorysetup-profiler-bucket-allocator-granularity=16"
    "memorysetup-profiler-bucket-allocator-bucket-count=8"
    "memorysetup-profiler-bucket-allocator-block-size=33554432"
    "memorysetup-profiler-bucket-allocator-block-count=8"
    "memorysetup-profiler-allocator-block-size=16777216"
    "memorysetup-profiler-editor-allocator-block-size=1048576"
    "memorysetup-temp-allocator-size-main=16777216"
    "memorysetup-job-temp-allocator-block-size=2097152"
    "memorysetup-job-temp-allocator-block-size-background=1048576"
    "memorysetup-job-temp-allocator-reduction-small-platforms=262144"
    "memorysetup-temp-allocator-size-background-worker=32768"
    "memorysetup-temp-allocator-size-job-worker=262144"
    "memorysetup-temp-allocator-size-preload-manager=33554432"
    "memorysetup-temp-allocator-size-nav-mesh-worker=65536"
    "memorysetup-temp-allocator-size-audio-worker=65536"
    "memorysetup-temp-allocator-size-cloud-worker=32768"
    "memorysetup-temp-allocator-size-gi-baking-worker=262144"
    "memorysetup-temp-allocator-size-gfx=262144"
Refreshing native plugins compatible for Editor in 316.11 ms, found 3 plugins.
Preloading 0 native plugins for Editor in 0.00 ms.
Initialize engine version: 2021.3.5f1 (40eb3a945986)
[Subsystems] Discovering subsystems at path E:/dbslxl/2021.3.5f1/Editor/Data/Resources/UnitySubsystems
[Subsystems] Discovering subsystems at path E:/github/ZombieHunter/Assets
GfxDevice: creating device client; threaded=0; jobified=0
Direct3D:
    Version:  Direct3D 11.0 [level 11.1]
    Renderer: Intel(R) Iris(R) Xe Graphics (ID=0x9a49)
    Vendor:   Intel
    VRAM:     8054 MB
    Driver:   31.0.101.4669
Initialize mono
Mono path[0] = 'E:/dbslxl/2021.3.5f1/Editor/Data/Managed'
Mono path[1] = 'E:/dbslxl/2021.3.5f1/Editor/Data/MonoBleedingEdge/lib/mono/unityjit-win32'
Mono config path = 'E:/dbslxl/2021.3.5f1/Editor/Data/MonoBleedingEdge/etc'
Using monoOptions --debugger-agent=transport=dt_socket,embedding=1,server=y,suspend=n,address=127.0.0.1:56536
Begin MonoManager ReloadAssembly
Registering precompiled unity dll's ...
Register platform support module: E:/dbslxl/2021.3.5f1/Editor/Data/PlaybackEngines/AndroidPlayer/UnityEditor.Android.Extensions.dll
Register platform support module: E:/dbslxl/2021.3.5f1/Editor/Data/PlaybackEngines/iOSSupport/UnityEditor.iOS.Extensions.dll
Register platform support module: E:/dbslxl/2021.3.5f1/Editor/Data/PlaybackEngines/WindowsStandaloneSupport/UnityEditor.WindowsStandalone.Extensions.dll
Registered in 0.005258 seconds.
Native extension for WindowsStandalone target not found
[usbmuxd] Start listen thread
[usbmuxd] Listen thread started
[usbmuxd] Send listen message
Native extension for iOS target not found
Native extension for Android target not found
Refreshing native plugins compatible for Editor in 319.26 ms, found 3 plugins.
Preloading 0 native plugins for Editor in 0.00 ms.
Mono: successfully reloaded assembly
- Completed reload, in  1.830 seconds
Domain Reload Profiling:
	ReloadAssembly (1831ms)
		BeginReloadAssembly (185ms)
			ExecutionOrderSort (0ms)
			DisableScriptedObjects (0ms)
			BackupInstance (0ms)
			ReleaseScriptingObjects (0ms)
			CreateAndSetChildDomain (2ms)
		EndReloadAssembly (1383ms)
			LoadAssemblies (184ms)
			RebuildTransferFunctionScriptingTraits (0ms)
			SetupTypeCache (317ms)
			ReleaseScriptCaches (0ms)
			RebuildScriptCaches (74ms)
			SetupLoadedEditorAssemblies (847ms)
				LogAssemblyErrors (0ms)
				InitializePlatformSupportModulesInManaged (164ms)
				SetLoadedEditorAssemblies (1ms)
				RefreshPlugins (320ms)
				BeforeProcessingInitializeOnLoad (3ms)
				ProcessInitializeOnLoadAttributes (243ms)
				ProcessInitializeOnLoadMethodAttributes (117ms)
				AfterProcessingInitializeOnLoad (0ms)
				EditorAssembliesLoaded (0ms)
			ExecutionOrderSort2 (0ms)
			AwakeInstancesAfterBackupRestoration (0ms)
Platform modules already initialized, skipping
Registering precompiled user dll's ...
Registered in 0.008587 seconds.
Begin MonoManager ReloadAssembly
Symbol file LoadedFromMemory doesn't match image E:\github\ZombieHunter\Library\PackageCache\com.unity.visualscripting@1.7.8\Editor\VisualScripting.Core\Dependencies\YamlDotNet\Unity.VisualScripting.YamlDotNet.dll
Symbol file LoadedFromMemory doesn't match image E:\github\ZombieHunter\Library\PackageCache\com.unity.visualscripting@1.7.8\Editor\VisualScripting.Core\Dependencies\DotNetZip\Unity.VisualScripting.IonicZip.dll
Native extension for WindowsStandalone target not found
Native extension for iOS target not found
Native extension for Android target not found
Refreshing native plugins compatible for Editor in 1.65 ms, found 3 plugins.
Preloading 0 native plugins for Editor in 0.00 ms.
Mono: successfully reloaded assembly
- Completed reload, in  2.823 seconds
Domain Reload Profiling:
	ReloadAssembly (2827ms)
		BeginReloadAssembly (388ms)
			ExecutionOrderSort (0ms)
			DisableScriptedObjects (12ms)
			BackupInstance (0ms)
			ReleaseScriptingObjects (0ms)
			CreateAndSetChildDomain (147ms)
		EndReloadAssembly (2153ms)
			LoadAssemblies (221ms)
			RebuildTransferFunctionScriptingTraits (0ms)
			SetupTypeCache (738ms)
			ReleaseScriptCaches (2ms)
			RebuildScriptCaches (147ms)
			SetupLoadedEditorAssemblies (974ms)
				LogAssemblyErrors (0ms)
				InitializePlatformSupportModulesInManaged (49ms)
				SetLoadedEditorAssemblies (1ms)
				RefreshPlugins (2ms)
				BeforeProcessingInitializeOnLoad (222ms)
				ProcessInitializeOnLoadAttributes (622ms)
				ProcessInitializeOnLoadMethodAttributes (72ms)
				AfterProcessingInitializeOnLoad (6ms)
				EditorAssembliesLoaded (0ms)
			ExecutionOrderSort2 (0ms)
			AwakeInstancesAfterBackupRestoration (12ms)
Platform modules already initialized, skipping
========================================================================
Worker process is ready to serve import requests
Launched and connected shader compiler UnityShaderCompiler.exe after 0.09 seconds
Refreshing native plugins compatible for Editor in 2.18 ms, found 3 plugins.
Preloading 0 native plugins for Editor in 0.00 ms.
Unloading 3551 Unused Serialized files (Serialized files now loaded: 0)
Unloading 37 unused Assets / (1.3 MB). Loaded Objects now: 4000.
Memory consumption went from 140.7 MB to 139.4 MB.
Total: 395.534500 ms (FindLiveObjects: 0.435900 ms CreateObjectMapping: 0.214500 ms MarkObjects: 394.402900 ms  DeleteObjects: 0.473600 ms)

AssetImportParameters requested are different than current active one (requested -> active):
  custom:video-decoder-ogg-theora: a1e56fd34408186e4bbccfd4996cb3dc -> 
  custom:container-muxer-webm: aa71ff27fc2769a1b78a27578f13a17b -> 
  custom:container-demuxer-webm: 4f35f7cbe854078d1ac9338744f61a02 -> 
  custom:video-encoder-webm-vp8: eb34c28f22e8b96e1ab97ce403110664 -> 
  custom:audio-encoder-webm-vorbis: bf7c407c2cedff20999df2af8eb42d56 -> 
  custom:framework-win-MediaFoundation: 216162199b28c13a410421893ffa2e32 -> 
  custom:container-demuxer-ogg: 62fdf1f143b41e24485cea50d1cbac27 -> 
  custom:video-decoder-webm-vp8: 9c59270c3fd7afecdb556c50c9e8de78 -> 
  custom:audio-decoder-ogg-vorbis: bf7c407c2cedff20999df2af8eb42d56 -> 
========================================================================
Received Import Request.
  Time since last request: 1293634.613444 seconds.
  path: Assets/UpperBodyMask.mask
  artifactKey: Guid(2e329f149687d9342b8b2c53e585627a) Importer(815301076,1909f56bfc062723c751e8b465ee728b)
Start importing Assets/UpperBodyMask.mask using Guid(2e329f149687d9342b8b2c53e585627a) Importer(815301076,1909f56bfc062723c751e8b465ee728b)  -> (artifact id: '8e9b3c720fd7fbd79e1ffece0a181e24') in 0.133465 seconds 
========================================================================
Received Prepare
Registering precompiled user dll's ...
Registered in 0.010653 seconds.
Begin MonoManager ReloadAssembly
Symbol file LoadedFromMemory doesn't match image E:\github\ZombieHunter\Library\PackageCache\com.unity.visualscripting@1.7.8\Editor\VisualScripting.Core\Dependencies\YamlDotNet\Unity.VisualScripting.YamlDotNet.dll
Symbol file LoadedFromMemory doesn't match image E:\github\ZombieHunter\Library\PackageCache\com.unity.visualscripting@1.7.8\Editor\VisualScripting.Core\Dependencies\DotNetZip\Unity.VisualScripting.IonicZip.dll
Native extension for WindowsStandalone target not found
Native extension for iOS target not found
Native extension for Android target not found
Refreshing native plugins compatible for Editor in 2.40 ms, found 3 plugins.
Preloading 0 native plugins for Editor in 0.00 ms.
Mono: successfully reloaded assembly
- Completed reload, in  3.601 seconds
Domain Reload Profiling:
	ReloadAssembly (3603ms)
		BeginReloadAssembly (301ms)
			ExecutionOrderSort (0ms)
			DisableScriptedObjects (13ms)
			BackupInstance (0ms)
			ReleaseScriptingObjects (0ms)
			CreateAndSetChildDomain (67ms)
		EndReloadAssembly (3001ms)
			LoadAssemblies (208ms)
			RebuildTransferFunctionScriptingTraits (0ms)
			SetupTypeCache (772ms)
			ReleaseScriptCaches (3ms)
			RebuildScriptCaches (109ms)
			SetupLoadedEditorAssemblies (1761ms)
				LogAssemblyErrors (0ms)
				InitializePlatformSupportModulesInManaged (265ms)
				SetLoadedEditorAssemblies (1ms)
				RefreshPlugins (3ms)
				BeforeProcessingInitializeOnLoad (300ms)
				ProcessInitializeOnLoadAttributes (1035ms)
				ProcessInitializeOnLoadMethodAttributes (141ms)
				AfterProcessingInitializeOnLoad (16ms)
				EditorAssembliesLoaded (1ms)
			ExecutionOrderSort2 (0ms)
			AwakeInstancesAfterBackupRestoration (28ms)
Platform modules already initialized, skipping
Refreshing native plugins compatible for Editor in 8.27 ms, found 3 plugins.
Preloading 0 native plugins for Editor in 0.00 ms.
Unloading 3497 Unused Serialized files (Serialized files now loaded: 0)
Unloading 30 unused Assets / (1.2 MB). Loaded Objects now: 4003.
Memory consumption went from 135.7 MB to 134.5 MB.
Total: 13.477500 ms (FindLiveObjects: 0.688700 ms CreateObjectMapping: 0.773700 ms MarkObjects: 11.448900 ms  DeleteObjects: 0.562800 ms)

AssetImportParameters requested are different than current active one (requested -> active):
  custom:video-decoder-ogg-theora: a1e56fd34408186e4bbccfd4996cb3dc -> 
  custom:container-muxer-webm: aa71ff27fc2769a1b78a27578f13a17b -> 
  custom:container-demuxer-webm: 4f35f7cbe854078d1ac9338744f61a02 -> 
  custom:video-encoder-webm-vp8: eb34c28f22e8b96e1ab97ce403110664 -> 
  custom:audio-encoder-webm-vorbis: bf7c407c2cedff20999df2af8eb42d56 -> 
  custom:framework-win-MediaFoundation: 216162199b28c13a410421893ffa2e32 -> 
  custom:container-demuxer-ogg: 62fdf1f143b41e24485cea50d1cbac27 -> 
  custom:video-decoder-webm-vp8: 9c59270c3fd7afecdb556c50c9e8de78 -> 
  custom:audio-decoder-ogg-vorbis: bf7c407c2cedff20999df2af8eb42d56 -> 
========================================================================
Received Import Request.
  Time since last request: 61.949897 seconds.
  path: Assets/Download
  artifactKey: Guid(86fe12d014a1ea04dbdf23e6b8056be3) Importer(815301076,1909f56bfc062723c751e8b465ee728b)
Start importing Assets/Download using Guid(86fe12d014a1ea04dbdf23e6b8056be3) Importer(815301076,1909f56bfc062723c751e8b465ee728b)  -> (artifact id: '0d1d0eee6fae4e5ddc391125de9a0779') in 0.029109 seconds 
========================================================================
Received Import Request.
  Time since last request: 1.730704 seconds.
  path: Assets/Resources
  artifactKey: Guid(276e028044c8c75438b4530849b5a085) Importer(815301076,1909f56bfc062723c751e8b465ee728b)
Start importing Assets/Resources using Guid(276e028044c8c75438b4530849b5a085) Importer(815301076,1909f56bfc062723c751e8b465ee728b)  -> (artifact id: '7b7b377be274cf27d3035595348248d4') in 0.018895 seconds 
========================================================================
Received Import Request.
  Time since last request: 2.097253 seconds.
  path: Assets/Resources/Images
  artifactKey: Guid(19e9755c263b3164b9e30e2bb8059234) Importer(815301076,1909f56bfc062723c751e8b465ee728b)
Start importing Assets/Resources/Images using Guid(19e9755c263b3164b9e30e2bb8059234) Importer(815301076,1909f56bfc062723c751e8b465ee728b)  -> (artifact id: 'eeab61b1b39371eaf07f65129e66881a') in 0.025797 seconds 
========================================================================
Received Import Request.
  Time since last request: 0.057643 seconds.
  path: Assets/Resources/Images/pistol.PNG
  artifactKey: Guid(9a8d052e6f3569149b82f9caf287d05d) Importer(815301076,1909f56bfc062723c751e8b465ee728b)
Start importing Assets/Resources/Images/pistol.PNG using Guid(9a8d052e6f3569149b82f9caf287d05d) Importer(815301076,1909f56bfc062723c751e8b465ee728b)  -> (artifact id: 'a44a8231ca83f1b87b804240563893ef') in 0.253550 seconds 
========================================================================
Received Import Request.
  Time since last request: 0.000044 seconds.
  path: Assets/Resources/Images/zombieHunterLogo.png
  artifactKey: Guid(5541da6e3a86de644832d6a197fce784) Importer(815301076,1909f56bfc062723c751e8b465ee728b)
Start importing Assets/Resources/Images/zombieHunterLogo.png using Guid(5541da6e3a86de644832d6a197fce784) Importer(815301076,1909f56bfc062723c751e8b465ee728b)  -> (artifact id: 'f31d932bf19f4353817679cdeb9404fe') in 0.122087 seconds 
========================================================================
Received Import Request.
  Time since last request: 4.058309 seconds.
  path: Assets/Resources/Prefabs
  artifactKey: Guid(5e33e75855767794aa1dd2703e1c98d0) Importer(815301076,1909f56bfc062723c751e8b465ee728b)
Start importing Assets/Resources/Prefabs using Guid(5e33e75855767794aa1dd2703e1c98d0) Importer(815301076,1909f56bfc062723c751e8b465ee728b)  -> (artifact id: '5917f2081b039c443e4398001c87475b') in 0.018427 seconds 
========================================================================
Received Import Request.
  Time since last request: 0.686032 seconds.
  path: Assets/Resources/Prefabs/Zombie
  artifactKey: Guid(0b04910b71821f143a0191ece0ed0d11) Importer(815301076,1909f56bfc062723c751e8b465ee728b)
Start importing Assets/Resources/Prefabs/Zombie using Guid(0b04910b71821f143a0191ece0ed0d11) Importer(815301076,1909f56bfc062723c751e8b465ee728b)  -> (artifact id: '671709b3319929a7dc16a7bb8d1834ed') in 0.025175 seconds 
========================================================================
Received Import Request.
  Time since last request: 0.057710 seconds.
  path: Assets/Resources/Prefabs/Zombie/Lv1Zombie_Bellboy_Male_01.prefab
  artifactKey: Guid(56f4b39495f808f4e9f9673bc98d8d23) Importer(815301076,1909f56bfc062723c751e8b465ee728b)
Start importing Assets/Resources/Prefabs/Zombie/Lv1Zombie_Bellboy_Male_01.prefab using Guid(56f4b39495f808f4e9f9673bc98d8d23) Importer(815301076,1909f56bfc062723c751e8b465ee728b)  -> (artifact id: '810f874ebe8b199f40e1505f40f2452f') in 4.125530 seconds 
========================================================================
Received Import Request.
  Time since last request: 0.000039 seconds.
  path: Assets/Resources/Prefabs/Zombie/Lv1Zombie_BusinessShirt_Male_01.prefab
  artifactKey: Guid(9a35d2b2bafcd044b9741c796be5737b) Importer(815301076,1909f56bfc062723c751e8b465ee728b)
Start importing Assets/Resources/Prefabs/Zombie/Lv1Zombie_BusinessShirt_Male_01.prefab using Guid(9a35d2b2bafcd044b9741c796be5737b) Importer(815301076,1909f56bfc062723c751e8b465ee728b)  -> (artifact id: 'f614916d38cda784b8472dbb370271ec') in 0.190449 seconds 
========================================================================
Received Import Request.
  Time since last request: 0.000045 seconds.
  path: Assets/Resources/Prefabs/Zombie/LV1Zombie_Mother_Female_01.prefab
  artifactKey: Guid(3a83563a9baffcc4083312042ac5cf8f) Importer(815301076,1909f56bfc062723c751e8b465ee728b)
Start importing Assets/Resources/Prefabs/Zombie/LV1Zombie_Mother_Female_01.prefab using Guid(3a83563a9baffcc4083312042ac5cf8f) Importer(815301076,1909f56bfc062723c751e8b465ee728b)  -> (artifact id: 'd8ef766d4b1636cf2686b192d48c46c9') in 0.173101 seconds 
========================================================================
Received Import Request.
  Time since last request: 0.000051 seconds.
  path: Assets/Resources/Prefabs/Zombie/Lv2Zombie_FastfoodWorker_Male_01.prefab
  artifactKey: Guid(9eecff1e766467e4ca2019f49c0b82c3) Importer(815301076,1909f56bfc062723c751e8b465ee728b)
Start importing Assets/Resources/Prefabs/Zombie/Lv2Zombie_FastfoodWorker_Male_01.prefab using Guid(9eecff1e766467e4ca2019f49c0b82c3) Importer(815301076,1909f56bfc062723c751e8b465ee728b)  -> (artifact id: 'f3035860dad0244d3bc33d8a43c3b918') in 0.164248 seconds 
========================================================================
Received Import Request.
  Time since last request: 0.000052 seconds.
  path: Assets/Resources/Prefabs/Zombie/Lv1Zombie_ShopKeeper_Male_01.prefab
  artifactKey: Guid(1eff278a7f8ce554e88c28a4991862fd) Importer(815301076,1909f56bfc062723c751e8b465ee728b)
Start importing Assets/Resources/Prefabs/Zombie/Lv1Zombie_ShopKeeper_Male_01.prefab using Guid(1eff278a7f8ce554e88c28a4991862fd) Importer(815301076,1909f56bfc062723c751e8b465ee728b)  -> (artifact id: 'c092849abb35c77feffdf7be1c4f8f66') in 0.153679 seconds 
========================================================================
Received Import Request.
  Time since last request: 0.000044 seconds.
  path: Assets/Resources/Prefabs/Zombie/Lv2Zombie_Hobo_Male_01.prefab
  artifactKey: Guid(86f96b514b6a6d6479ced55454771fec) Importer(815301076,1909f56bfc062723c751e8b465ee728b)
Start importing Assets/Resources/Prefabs/Zombie/Lv2Zombie_Hobo_Male_01.prefab using Guid(86f96b514b6a6d6479ced55454771fec) Importer(815301076,1909f56bfc062723c751e8b465ee728b)  -> (artifact id: '64a01a30dda3350776473c2f963907fa') in 0.158384 seconds 
========================================================================
Received Import Request.
  Time since last request: 0.000045 seconds.
  path: Assets/Resources/Prefabs/Zombie/Lv2Zombie_Coat_Female_01.prefab
  artifactKey: Guid(90914e56f287e294db5852f2fbd81473) Importer(815301076,1909f56bfc062723c751e8b465ee728b)
Start importing Assets/Resources/Prefabs/Zombie/Lv2Zombie_Coat_Female_01.prefab using Guid(90914e56f287e294db5852f2fbd81473) Importer(815301076,1909f56bfc062723c751e8b465ee728b)  -> (artifact id: '50b789cfc84a177f3415b05dcbe1207a') in 0.193552 seconds 
========================================================================
Received Import Request.
  Time since last request: 0.000036 seconds.
  path: Assets/Resources/Prefabs/Zombie/Lv1Zombie_SchoolBoy_Male_01.prefab
  artifactKey: Guid(49f60c025047a9a48844b5e7b02e9e7b) Importer(815301076,1909f56bfc062723c751e8b465ee728b)
Start importing Assets/Resources/Prefabs/Zombie/Lv1Zombie_SchoolBoy_Male_01.prefab using Guid(49f60c025047a9a48844b5e7b02e9e7b) Importer(815301076,1909f56bfc062723c751e8b465ee728b)  -> (artifact id: '400bb345d2f7472e85f847bd995a901a') in 0.172741 seconds 
========================================================================
Received Import Request.
  Time since last request: 0.000058 seconds.
  path: Assets/Resources/UI/Pictoicon_Undo.Png
  artifactKey: Guid(a44c6e05ea9dc8f4da3fd8f9b280f318) Importer(815301076,1909f56bfc062723c751e8b465ee728b)
Start importing Assets/Resources/UI/Pictoicon_Undo.Png using Guid(a44c6e05ea9dc8f4da3fd8f9b280f318) Importer(815301076,1909f56bfc062723c751e8b465ee728b)  -> (artifact id: '815151e7bbb0a27eec108679568ed243') in 0.050944 seconds 
========================================================================
Received Import Request.
  Time since last request: 0.000061 seconds.
  path: Assets/Resources/UI/Icon_Shop.png
  artifactKey: Guid(7b96f7bde4e81a043a31be64c3e998c9) Importer(815301076,1909f56bfc062723c751e8b465ee728b)
Start importing Assets/Resources/UI/Icon_Shop.png using Guid(7b96f7bde4e81a043a31be64c3e998c9) Importer(815301076,1909f56bfc062723c751e8b465ee728b)  -> (artifact id: '07e7263fb57a1769b8c31c72ebe8ae63') in 0.036793 seconds 
========================================================================
Received Import Request.
  Time since last request: 0.000051 seconds.
  path: Assets/Resources/Prefabs/Zombie/Lv4Zombie_Underwear_Male_01.prefab
  artifactKey: Guid(dcf71262e2efdf44693b494e7cfd31bc) Importer(815301076,1909f56bfc062723c751e8b465ee728b)
Start importing Assets/Resources/Prefabs/Zombie/Lv4Zombie_Underwear_Male_01.prefab using Guid(dcf71262e2efdf44693b494e7cfd31bc) Importer(815301076,1909f56bfc062723c751e8b465ee728b)  -> (artifact id: '313f4e8000e0e6fe4a28e842a2303821') in 0.170307 seconds 
========================================================================
Received Import Request.
  Time since last request: 0.000048 seconds.
  path: Assets/Resources/Prefabs/Zombie/Lv5Zombie_HotDogSuit_Male_01.prefab
  artifactKey: Guid(4fde1e1a1bcca6843bbfd53850d71340) Importer(815301076,1909f56bfc062723c751e8b465ee728b)
Start importing Assets/Resources/Prefabs/Zombie/Lv5Zombie_HotDogSuit_Male_01.prefab using Guid(4fde1e1a1bcca6843bbfd53850d71340) Importer(815301076,1909f56bfc062723c751e8b465ee728b)  -> (artifact id: '54b83a071ff46d8f5cddd3fddcd9bf3a') in 0.172606 seconds 
========================================================================
Received Import Request.
  Time since last request: 0.000075 seconds.
  path: Assets/Resources/Sounds/Item purchase 13.wav
  artifactKey: Guid(ed3052328d3dfdb42b2a595cffa89dc6) Importer(815301076,1909f56bfc062723c751e8b465ee728b)
Start importing Assets/Resources/Sounds/Item purchase 13.wav using Guid(ed3052328d3dfdb42b2a595cffa89dc6) Importer(815301076,1909f56bfc062723c751e8b465ee728b)  -> (artifact id: '88e469677d9d41327fb6eff815ca3818') in 0.111062 seconds 
========================================================================
Received Import Request.
  Time since last request: 0.000053 seconds.
  path: Assets/Resources/Prefabs/Zombie/Lv1Zombie_Daughter_Female_01.prefab
  artifactKey: Guid(8ee23b652f20b294e925b22021128470) Importer(815301076,1909f56bfc062723c751e8b465ee728b)
Start importing Assets/Resources/Prefabs/Zombie/Lv1Zombie_Daughter_Female_01.prefab using Guid(8ee23b652f20b294e925b22021128470) Importer(815301076,1909f56bfc062723c751e8b465ee728b)  -> (artifact id: 'd39687d4749b279de0a4f725bad3ef0d') in 0.161675 seconds 
========================================================================
Received Import Request.
  Time since last request: 0.000038 seconds.
  path: Assets/Resources/Prefabs/Zombie/Lv5Zombie_Patient_Female_01.prefab
  artifactKey: Guid(13e641579718e804aa8956f1372edbaa) Importer(815301076,1909f56bfc062723c751e8b465ee728b)
Start importing Assets/Resources/Prefabs/Zombie/Lv5Zombie_Patient_Female_01.prefab using Guid(13e641579718e804aa8956f1372edbaa) Importer(815301076,1909f56bfc062723c751e8b465ee728b)  -> (artifact id: '3a61355afe2185e4823ec83c06acf0a0') in 0.169031 seconds 
========================================================================
Received Import Request.
  Time since last request: 0.000063 seconds.
  path: Assets/Resources/Prefabs/Zombie/LV2Zombie_BioHazardSuit_Male_01.prefab
  artifactKey: Guid(9da1722fd6f56974a98ee8d5ca89c2ad) Importer(815301076,1909f56bfc062723c751e8b465ee728b)
Start importing Assets/Resources/Prefabs/Zombie/LV2Zombie_BioHazardSuit_Male_01.prefab using Guid(9da1722fd6f56974a98ee8d5ca89c2ad) Importer(815301076,1909f56bfc062723c751e8b465ee728b)  -> (artifact id: '19b806dd631f0ac06a420c37c3039d06') in 0.176220 seconds 
========================================================================
Received Import Request.
  Time since last request: 0.000055 seconds.
  path: Assets/Resources/Prefabs/Zombie/LV1Zombie_Jacket_Male_01 1.prefab
  artifactKey: Guid(7e3362bc8326936498afad7286c7dc22) Importer(815301076,1909f56bfc062723c751e8b465ee728b)
Start importing Assets/Resources/Prefabs/Zombie/LV1Zombie_Jacket_Male_01 1.prefab using Guid(7e3362bc8326936498afad7286c7dc22) Importer(815301076,1909f56bfc062723c751e8b465ee728b)  -> (artifact id: 'a89b637945e367a3dd85e26a723c9f6a') in 0.183271 seconds 
========================================================================
Received Import Request.
  Time since last request: 0.000035 seconds.
  path: Assets/Resources/Prefabs/Zombie/Lv3Zombie_Military_Male_01.prefab
  artifactKey: Guid(3834693a0c23f1547ae7c3e03d87f87e) Importer(815301076,1909f56bfc062723c751e8b465ee728b)
Start importing Assets/Resources/Prefabs/Zombie/Lv3Zombie_Military_Male_01.prefab using Guid(3834693a0c23f1547ae7c3e03d87f87e) Importer(815301076,1909f56bfc062723c751e8b465ee728b)  -> (artifact id: '97cab2bc13db7ccefdf146f2346c80e4') in 0.168915 seconds 
========================================================================
Received Import Request.
  Time since last request: 0.000066 seconds.
  path: Assets/Resources/Prefabs/Zombie/Lv1Zombie_SummerGirl_Female_01.prefab
  artifactKey: Guid(785bfcd8aa8420f43aab7ebd0f92d04d) Importer(815301076,1909f56bfc062723c751e8b465ee728b)
Start importing Assets/Resources/Prefabs/Zombie/Lv1Zombie_SummerGirl_Female_01.prefab using Guid(785bfcd8aa8420f43aab7ebd0f92d04d) Importer(815301076,1909f56bfc062723c751e8b465ee728b)  -> (artifact id: '918288bd2965799b13c497b57d5f4456') in 0.176154 seconds 
========================================================================
Received Import Request.
  Time since last request: 0.000033 seconds.
  path: Assets/Resources/UI/Hp_line.png
  artifactKey: Guid(0ff802ba145ec964b8f94c9ce7afb638) Importer(815301076,1909f56bfc062723c751e8b465ee728b)
Start importing Assets/Resources/UI/Hp_line.png using Guid(0ff802ba145ec964b8f94c9ce7afb638) Importer(815301076,1909f56bfc062723c751e8b465ee728b)  -> (artifact id: 'dfe81420673278468d8b7c93dc835c5a') in 0.132637 seconds 
========================================================================
Received Import Request.
  Time since last request: 0.000033 seconds.
  path: Assets/Resources/Prefabs/Zombie/Lv4Zombie_Underwear_Female_01.prefab
  artifactKey: Guid(f060552426aacdb459ca4078bbe2f88b) Importer(815301076,1909f56bfc062723c751e8b465ee728b)
Start importing Assets/Resources/Prefabs/Zombie/Lv4Zombie_Underwear_Female_01.prefab using Guid(f060552426aacdb459ca4078bbe2f88b) Importer(815301076,1909f56bfc062723c751e8b465ee728b)  -> (artifact id: '783ce0659c5447df1dc78ce0e66634b0') in 0.161394 seconds 
========================================================================
Received Import Request.
  Time since last request: 0.000067 seconds.
  path: Assets/Resources/Prefabs/Zombie/Lv4Zombie_Police_Male_01.prefab
  artifactKey: Guid(a4f61dcda1693b444a94c808f34eea46) Importer(815301076,1909f56bfc062723c751e8b465ee728b)
Start importing Assets/Resources/Prefabs/Zombie/Lv4Zombie_Police_Male_01.prefab using Guid(a4f61dcda1693b444a94c808f34eea46) Importer(815301076,1909f56bfc062723c751e8b465ee728b)  -> (artifact id: '78f2feb2246dd0264b7625a3c3aff15f') in 0.152318 seconds 
========================================================================
Received Import Request.
  Time since last request: 0.000036 seconds.
  path: Assets/Resources/UI/Btn_MainButton_Gray.Png
  artifactKey: Guid(4a071476efae7b44e84bf0c62a6fc38d) Importer(815301076,1909f56bfc062723c751e8b465ee728b)
Start importing Assets/Resources/UI/Btn_MainButton_Gray.Png using Guid(4a071476efae7b44e84bf0c62a6fc38d) Importer(815301076,1909f56bfc062723c751e8b465ee728b)  -> (artifact id: '2774ae841a0c2a553ade5cb0bfc33ec8') in 0.035875 seconds 
========================================================================
Received Import Request.
  Time since last request: 0.000059 seconds.
  path: Assets/Resources/Prefabs/Zombie/ZombieBoss.prefab
  artifactKey: Guid(7b07b9b5ebccff54cb3c0998dec130cf) Importer(815301076,1909f56bfc062723c751e8b465ee728b)
Start importing Assets/Resources/Prefabs/Zombie/ZombieBoss.prefab using Guid(7b07b9b5ebccff54cb3c0998dec130cf) Importer(815301076,1909f56bfc062723c751e8b465ee728b)  -> (artifact id: '17ec55341e6463cfbb4d15846a42356a') in 0.638271 seconds 
